#
# There is insufficient memory for the Java Runtime Environment to continue.
# Native memory allocation (malloc) failed to allocate 1583216 bytes for Chunk::new
# Possible reasons:
#   The system is out of physical RAM or swap space
#   In 32 bit mode, the process size limit was hit
# Possible solutions:
#   Reduce memory load on the system
#   Increase physical memory or swap space
#   Check if swap backing store is full
#   Use 64 bit Java on a 64 bit OS
#   Decrease Java heap size (-Xmx/-Xms)
#   Decrease number of Java threads
#   Decrease Java thread stack sizes (-Xss)
#   Set larger code cache with -XX:ReservedCodeCacheSize=
# This output file may be truncated or incomplete.
#
#  Out of Memory Error (allocation.cpp:390), pid=10716, tid=6712
#
# JRE version: Java(TM) SE Runtime Environment (8.0_60-b27) (build 1.8.0_60-b27)
# Java VM: Java HotSpot(TM) 64-Bit Server VM (25.60-b23 mixed mode windows-amd64 compressed oops)
# Failed to write core dump. Minidumps are not enabled by default on client versions of Windows
#

---------------  T H R E A D  ---------------

Current thread (0x00000000589a4000):  JavaThread "C2 CompilerThread1" daemon [_thread_in_native, id=6712, stack(0x0000000059440000,0x0000000059540000)]

Stack: [0x0000000059440000,0x0000000059540000]
[error occurred during error reporting (printing stack bounds), id 0xc0000005]

Native frames: (J=compiled Java code, j=interpreted, Vv=VM code, C=native code)


Current CompileTask:
C2:   8797 4600   !   4       java.net.URLClassLoader$1::run (63 bytes)


---------------  P R O C E S S  ---------------

Java Threads: ( => current thread )
  0x000000005dd40000 JavaThread "lettuce-nioEventLoop-4-4" daemon [_thread_blocked, id=12992, stack(0x0000000064be0000,0x0000000064ce0000)]
  0x000000005dd3f800 JavaThread "lettuce-nioEventLoop-4-3" daemon [_thread_blocked, id=8840, stack(0x000000005e580000,0x000000005e680000)]
  0x000000005dd3e800 JavaThread "lettuce-nioEventLoop-4-2" daemon [_thread_blocked, id=11156, stack(0x0000000062870000,0x0000000062970000)]
  0x000000005dd3d000 JavaThread "lettuce-eventExecutorLoop-1-2" daemon [_thread_blocked, id=11740, stack(0x0000000062260000,0x0000000062360000)]
  0x000000005dd3e000 JavaThread "Thread-2" [_thread_blocked, id=10400, stack(0x0000000062420000,0x0000000062520000)]
  0x000000005dd3c000 JavaThread "lettuce-eventExecutorLoop-1-1" daemon [_thread_blocked, id=12704, stack(0x000000005d2b0000,0x000000005d3b0000)]
  0x000000005dd3b800 JavaThread "lettuce-nioEventLoop-4-1" daemon [_thread_blocked, id=6012, stack(0x0000000063a60000,0x0000000063b60000)]
  0x000000005dd3a800 JavaThread "ObjectCleanerThread" daemon [_thread_blocked, id=8640, stack(0x0000000061ed0000,0x0000000061fd0000)]
  0x0000000058a40000 JavaThread "Service Thread" daemon [_thread_blocked, id=11396, stack(0x0000000059700000,0x0000000059800000)]
  0x00000000589a5800 JavaThread "C1 CompilerThread2" daemon [_thread_blocked, id=9460, stack(0x0000000059030000,0x0000000059130000)]
=>0x00000000589a4000 JavaThread "C2 CompilerThread1" daemon [_thread_in_native, id=6712, stack(0x0000000059440000,0x0000000059540000)]
  0x00000000589a3000 JavaThread "C2 CompilerThread0" daemon [_thread_in_native, id=8040, stack(0x0000000059330000,0x0000000059430000)]
  0x00000000589a1800 JavaThread "Monitor Ctrl-Break" daemon [_thread_in_native, id=10624, stack(0x0000000059140000,0x0000000059240000)]
  0x000000005737f000 JavaThread "Attach Listener" daemon [_thread_blocked, id=9088, stack(0x0000000058720000,0x0000000058820000)]
  0x0000000058972800 JavaThread "Signal Dispatcher" daemon [_thread_blocked, id=9488, stack(0x0000000058e50000,0x0000000058f50000)]
  0x000000005731d800 JavaThread "Finalizer" daemon [_thread_blocked, id=10580, stack(0x0000000058860000,0x0000000058960000)]
  0x0000000057316000 JavaThread "Reference Handler" daemon [_thread_blocked, id=8644, stack(0x0000000058620000,0x0000000058720000)]
  0x000000000214e000 JavaThread "main" [_thread_blocked, id=3636, stack(0x0000000002470000,0x0000000002570000)]

Other Threads:
  0x0000000057310800 VMThread [stack: 0x0000000058460000,0x0000000058560000] [id=8620]
  0x0000000058a65800 WatcherThread [stack: 0x0000000059850000,0x0000000059950000] [id=11124]

VM state:not at safepoint (normal execution)

VM Mutex/Monitor currently owned by a thread: None

Heap:
 PSYoungGen      total 217088K, used 66186K [0x00000000d5f00000, 0x00000000e5600000, 0x0000000100000000)
  eden space 203776K, 26% used [0x00000000d5f00000,0x00000000d930c620,0x00000000e2600000)
  from space 13312K, 96% used [0x00000000e3480000,0x00000000e4116528,0x00000000e4180000)
  to   space 14848K, 0% used [0x00000000e2600000,0x00000000e2600000,0x00000000e3480000)
 ParOldGen       total 78336K, used 17879K [0x0000000081c00000, 0x0000000086880000, 0x00000000d5f00000)
  object space 78336K, 22% used [0x0000000081c00000,0x0000000082d75d80,0x0000000086880000)
 Metaspace       used 50932K, capacity 52766K, committed 53040K, reserved 1095680K
  class space    used 6833K, capacity 7177K, committed 7216K, reserved 1048576K

Card table byte_map: [0x0000000011930000,0x0000000011d30000] byte_map_base: 0x0000000011522000

Marking Bits: (ParMarkBitMap*) 0x000000006fd2a5b0
 Begin Bits: [0x0000000012660000, 0x00000000145f0000)
 End Bits:   [0x00000000145f0000, 0x0000000016580000)

Polling page: 0x0000000000110000

CodeCache: size=245760Kb used=14681Kb max_used=15935Kb free=231078Kb
 bounds [0x0000000002570000, 0x0000000003510000, 0x0000000011570000]
 total_blobs=4547 nmethods=4035 adapters=424
 compilation: enabled

Compilation events (10 events):
Event: 8.740 Thread 0x00000000589a5800 4598       3       java.lang.invoke.MethodHandles$Lookup::linkMethodHandleConstant (185 bytes)
Event: 8.741 Thread 0x00000000589a5800 nmethod 4598 0x000000000273ae50 code [0x000000000273b100, 0x000000000273c638]
Event: 8.741 Thread 0x00000000589a5800 4599       1       jdk.internal.org.objectweb.asm.MethodWriter::visitEnd (1 bytes)
Event: 8.741 Thread 0x00000000589a5800 nmethod 4599 0x0000000002c17ed0 code [0x0000000002c18020, 0x0000000002c18130]
Event: 8.743 Thread 0x00000000589a5800 4601       3       io.netty.util.concurrent.SingleThreadEventExecutor::inEventLoop (14 bytes)
Event: 8.743 Thread 0x00000000589a5800 nmethod 4601 0x000000000295a150 code [0x000000000295a2a0, 0x000000000295a450]
Event: 8.743 Thread 0x00000000589a5800 4602       3       io.netty.util.concurrent.AbstractEventExecutor::inEventLoop (8 bytes)
Event: 8.743 Thread 0x00000000589a5800 nmethod 4602 0x00000000028c5f50 code [0x00000000028c60c0, 0x00000000028c62e8]
Event: 8.757 Thread 0x00000000589a4000 nmethod 4597 0x0000000002dfe250 code [0x0000000002dfe400, 0x0000000002dff0d8]
Event: 8.757 Thread 0x00000000589a4000 4600   !   4       java.net.URLClassLoader$1::run (63 bytes)

GC Heap History (10 events):
Event: 4.374 GC heap before
{Heap before GC invocations=8 (full 1):
 PSYoungGen      total 126464K, used 126342K [0x00000000d5f00000, 0x00000000df100000, 0x0000000100000000)
  eden space 118272K, 100% used [0x00000000d5f00000,0x00000000dd280000,0x00000000dd280000)
  from space 8192K, 98% used [0x00000000de900000,0x00000000df0e1898,0x00000000df100000)
  to   space 9216K, 0% used [0x00000000ddf00000,0x00000000ddf00000,0x00000000de800000)
 ParOldGen       total 50176K, used 6784K [0x0000000081c00000, 0x0000000084d00000, 0x00000000d5f00000)
  object space 50176K, 13% used [0x0000000081c00000,0x00000000822a0058,0x0000000084d00000)
 Metaspace       used 31640K, capacity 32650K, committed 32816K, reserved 1077248K
  class space    used 4157K, capacity 4397K, committed 4400K, reserved 1048576K
Event: 4.388 GC heap after
Heap after GC invocations=8 (full 1):
 PSYoungGen      total 140288K, used 9205K [0x00000000d5f00000, 0x00000000e4180000, 0x0000000100000000)
  eden space 131072K, 0% used [0x00000000d5f00000,0x00000000d5f00000,0x00000000ddf00000)
  from space 9216K, 99% used [0x00000000ddf00000,0x00000000de7fd5b0,0x00000000de800000)
  to   space 13312K, 0% used [0x00000000e3480000,0x00000000e3480000,0x00000000e4180000)
 ParOldGen       total 50176K, used 12742K [0x0000000081c00000, 0x0000000084d00000, 0x00000000d5f00000)
  object space 50176K, 25% used [0x0000000081c00000,0x00000000828718b8,0x0000000084d00000)
 Metaspace       used 31640K, capacity 32650K, committed 32816K, reserved 1077248K
  class space    used 4157K, capacity 4397K, committed 4400K, reserved 1048576K
}
Event: 5.014 GC heap before
{Heap before GC invocations=9 (full 1):
 PSYoungGen      total 140288K, used 66263K [0x00000000d5f00000, 0x00000000e4180000, 0x0000000100000000)
  eden space 131072K, 43% used [0x00000000d5f00000,0x00000000d96b8890,0x00000000ddf00000)
  from space 9216K, 99% used [0x00000000ddf00000,0x00000000de7fd5b0,0x00000000de800000)
  to   space 13312K, 0% used [0x00000000e3480000,0x00000000e3480000,0x00000000e4180000)
 ParOldGen       total 50176K, used 12742K [0x0000000081c00000, 0x0000000084d00000, 0x00000000d5f00000)
  object space 50176K, 25% used [0x0000000081c00000,0x00000000828718b8,0x0000000084d00000)
 Metaspace       used 34286K, capacity 35340K, committed 35496K, reserved 1079296K
  class space    used 4564K, capacity 4806K, committed 4912K, reserved 1048576K
Event: 5.028 GC heap after
Heap after GC invocations=9 (full 1):
 PSYoungGen      total 217088K, used 12562K [0x00000000d5f00000, 0x00000000e5600000, 0x0000000100000000)
  eden space 203776K, 0% used [0x00000000d5f00000,0x00000000d5f00000,0x00000000e2600000)
  from space 13312K, 94% used [0x00000000e3480000,0x00000000e40c4ba8,0x00000000e4180000)
  to   space 14848K, 0% used [0x00000000e2600000,0x00000000e2600000,0x00000000e3480000)
 ParOldGen       total 50176K, used 12750K [0x0000000081c00000, 0x0000000084d00000, 0x00000000d5f00000)
  object space 50176K, 25% used [0x0000000081c00000,0x00000000828738b8,0x0000000084d00000)
 Metaspace       used 34286K, capacity 35340K, committed 35496K, reserved 1079296K
  class space    used 4564K, capacity 4806K, committed 4912K, reserved 1048576K
}
Event: 5.028 GC heap before
{Heap before GC invocations=10 (full 2):
 PSYoungGen      total 217088K, used 12562K [0x00000000d5f00000, 0x00000000e5600000, 0x0000000100000000)
  eden space 203776K, 0% used [0x00000000d5f00000,0x00000000d5f00000,0x00000000e2600000)
  from space 13312K, 94% used [0x00000000e3480000,0x00000000e40c4ba8,0x00000000e4180000)
  to   space 14848K, 0% used [0x00000000e2600000,0x00000000e2600000,0x00000000e3480000)
 ParOldGen       total 50176K, used 12750K [0x0000000081c00000, 0x0000000084d00000, 0x00000000d5f00000)
  object space 50176K, 25% used [0x0000000081c00000,0x00000000828738b8,0x0000000084d00000)
 Metaspace       used 34286K, capacity 35340K, committed 35496K, reserved 1079296K
  class space    used 4564K, capacity 4806K, committed 4912K, reserved 1048576K
Event: 5.101 GC heap after
Heap after GC invocations=10 (full 2):
 PSYoungGen      total 217088K, used 0K [0x00000000d5f00000, 0x00000000e5600000, 0x0000000100000000)
  eden space 203776K, 0% used [0x00000000d5f00000,0x00000000d5f00000,0x00000000e2600000)
  from space 13312K, 0% used [0x00000000e3480000,0x00000000e3480000,0x00000000e4180000)
  to   space 14848K, 0% used [0x00000000e2600000,0x00000000e2600000,0x00000000e3480000)
 ParOldGen       total 78336K, used 17863K [0x0000000081c00000, 0x0000000086880000, 0x00000000d5f00000)
  object space 78336K, 22% used [0x0000000081c00000,0x0000000082d71d80,0x0000000086880000)
 Metaspace       used 34286K, capacity 35340K, committed 35496K, reserved 1079296K
  class space    used 4564K, capacity 4806K, committed 4912K, reserved 1048576K
}
Event: 6.766 GC heap before
{Heap before GC invocations=11 (full 2):
 PSYoungGen      total 217088K, used 203776K [0x00000000d5f00000, 0x00000000e5600000, 0x0000000100000000)
  eden space 203776K, 100% used [0x00000000d5f00000,0x00000000e2600000,0x00000000e2600000)
  from space 13312K, 0% used [0x00000000e3480000,0x00000000e3480000,0x00000000e4180000)
  to   space 14848K, 0% used [0x00000000e2600000,0x00000000e2600000,0x00000000e3480000)
 ParOldGen       total 78336K, used 17863K [0x0000000081c00000, 0x0000000086880000, 0x00000000d5f00000)
  object space 78336K, 22% used [0x0000000081c00000,0x0000000082d71d80,0x0000000086880000)
 Metaspace       used 42316K, capacity 43894K, committed 44080K, reserved 1087488K
  class space    used 5580K, capacity 5919K, committed 5936K, reserved 1048576K
Event: 6.795 GC heap after
Heap after GC invocations=11 (full 2):
 PSYoungGen      total 218624K, used 12626K [0x00000000d5f00000, 0x00000000e5600000, 0x0000000100000000)
  eden space 203776K, 0% used [0x00000000d5f00000,0x00000000d5f00000,0x00000000e2600000)
  from space 14848K, 85% used [0x00000000e2600000,0x00000000e3254a38,0x00000000e3480000)
  to   space 13312K, 0% used [0x00000000e3480000,0x00000000e3480000,0x00000000e4180000)
 ParOldGen       total 78336K, used 17871K [0x0000000081c00000, 0x0000000086880000, 0x00000000d5f00000)
  object space 78336K, 22% used [0x0000000081c00000,0x0000000082d73d80,0x0000000086880000)
 Metaspace       used 42316K, capacity 43894K, committed 44080K, reserved 1087488K
  class space    used 5580K, capacity 5919K, committed 5936K, reserved 1048576K
}
Event: 8.004 GC heap before
{Heap before GC invocations=12 (full 2):
 PSYoungGen      total 218624K, used 216402K [0x00000000d5f00000, 0x00000000e5600000, 0x0000000100000000)
  eden space 203776K, 100% used [0x00000000d5f00000,0x00000000e2600000,0x00000000e2600000)
  from space 14848K, 85% used [0x00000000e2600000,0x00000000e3254a38,0x00000000e3480000)
  to   space 13312K, 0% used [0x00000000e3480000,0x00000000e3480000,0x00000000e4180000)
 ParOldGen       total 78336K, used 17871K [0x0000000081c00000, 0x0000000086880000, 0x00000000d5f00000)
  object space 78336K, 22% used [0x0000000081c00000,0x0000000082d73d80,0x0000000086880000)
 Metaspace       used 47182K, capacity 48930K, committed 49200K, reserved 1091584K
  class space    used 6314K, capacity 6663K, committed 6704K, reserved 1048576K
Event: 8.032 GC heap after
Heap after GC invocations=12 (full 2):
 PSYoungGen      total 217088K, used 12889K [0x00000000d5f00000, 0x00000000e5600000, 0x0000000100000000)
  eden space 203776K, 0% used [0x00000000d5f00000,0x00000000d5f00000,0x00000000e2600000)
  from space 13312K, 96% used [0x00000000e3480000,0x00000000e4116528,0x00000000e4180000)
  to   space 14848K, 0% used [0x00000000e2600000,0x00000000e2600000,0x00000000e3480000)
 ParOldGen       total 78336K, used 17879K [0x0000000081c00000, 0x0000000086880000, 0x00000000d5f00000)
  object space 78336K, 22% used [0x0000000081c00000,0x0000000082d75d80,0x0000000086880000)
 Metaspace       used 47182K, capacity 48930K, committed 49200K, reserved 1091584K
  class space    used 6314K, capacity 6663K, committed 6704K, reserved 1048576K
}

Deoptimization events (10 events):
Event: 7.938 Thread 0x000000000214e000 Uncommon trap: reason=unstable_if action=reinterpret pc=0x000000000315de04 method=org.springframework.util.ConcurrentReferenceHashMap$Segment.clear()V @ 4
Event: 7.965 Thread 0x000000000214e000 Uncommon trap: reason=unstable_if action=reinterpret pc=0x0000000002dc206c method=java.util.LinkedHashMap.get(Ljava/lang/Object;)Ljava/lang/Object; @ 20
Event: 8.141 Thread 0x000000000214e000 Uncommon trap: reason=unstable_if action=reinterpret pc=0x00000000026cb78c method=sun.nio.cs.UTF_8$Encoder.encode([CII[B)I @ 33
Event: 8.186 Thread 0x000000000214e000 Uncommon trap: reason=unstable_if action=reinterpret pc=0x0000000002c73e60 method=java.util.HashMap.putVal(ILjava/lang/Object;Ljava/lang/Object;ZZ)Ljava/lang/Object; @ 162
Event: 8.186 Thread 0x000000000214e000 Uncommon trap: reason=unstable_if action=reinterpret pc=0x0000000002a39ffc method=java.util.HashMap.putVal(ILjava/lang/Object;Ljava/lang/Object;ZZ)Ljava/lang/Object; @ 162
Event: 8.187 Thread 0x000000000214e000 Uncommon trap: reason=unstable_if action=reinterpret pc=0x0000000002a00750 method=java.util.HashMap.putVal(ILjava/lang/Object;Ljava/lang/Object;ZZ)Ljava/lang/Object; @ 162
Event: 8.188 Thread 0x000000000214e000 Uncommon trap: reason=unstable_if action=reinterpret pc=0x00000000029560f0 method=java.util.HashMap.resize()[Ljava/util/HashMap$Node; @ 206
Event: 8.409 Thread 0x000000000214e000 Uncommon trap: reason=unstable_if action=reinterpret pc=0x0000000002a1bfd8 method=java.io.WinNTFileSystem.isLetter(C)Z @ 3
Event: 8.683 Thread 0x000000000214e000 Uncommon trap: reason=unstable_if action=reinterpret pc=0x00000000029c6f78 method=sun.nio.cs.UTF_8$Decoder.decode([BII[C)I @ 30
Event: 8.743 Thread 0x000000005dd3b800 Uncommon trap: reason=class_check action=maybe_recompile pc=0x000000000277f52c method=java.util.HashMap.removeNode(ILjava/lang/Object;Ljava/lang/Object;ZZ)Ljava/util/HashMap$Node; @ 68

Internal exceptions (10 events):
Event: 7.847 Thread 0x000000000214e000 Exception <a 'java/lang/ClassNotFoundException': > (0x00000000e18c10b0) thrown at [C:\re\workspace\8-2-build-windows-amd64-cygwin\jdk8u60\4407\hotspot\src\share\vm\prims\jni.cpp, line 735]
Event: 7.849 Thread 0x000000000214e000 Exception <a 'java/lang/ClassNotFoundException': > (0x00000000e18c42e0) thrown at [C:\re\workspace\8-2-build-windows-amd64-cygwin\jdk8u60\4407\hotspot\src\share\vm\prims\jni.cpp, line 735]
Event: 7.850 Thread 0x000000000214e000 Exception <a 'java/lang/ClassNotFoundException': > (0x00000000e18c7530) thrown at [C:\re\workspace\8-2-build-windows-amd64-cygwin\jdk8u60\4407\hotspot\src\share\vm\prims\jni.cpp, line 735]
Event: 7.965 Thread 0x000000000214e000 Exception <a 'java/lang/ClassNotFoundException': java/lang/ObjectCustomizer> (0x00000000e229e1b8) thrown at [C:\re\workspace\8-2-build-windows-amd64-cygwin\jdk8u60\4407\hotspot\src\share\vm\classfile\systemDictionary.cpp, line 210]
Event: 7.966 Thread 0x000000000214e000 Exception <a 'java/lang/ClassNotFoundException': com/techrc/sso/SsoApplicationTestsCustomizer> (0x00000000e22bbe70) thrown at [C:\re\workspace\8-2-build-windows-amd64-cygwin\jdk8u60\4407\hotspot\src\share\vm\classfile\systemDictionary.cpp, line 210]
Event: 7.966 Thread 0x000000000214e000 Implicit null exception at 0x0000000002a99d84 to 0x0000000002a9aec4
Event: 7.966 Thread 0x000000000214e000 Exception <a 'java/lang/NullPointerException'> (0x00000000e22c0b60) thrown at [C:\re\workspace\8-2-build-windows-amd64-cygwin\jdk8u60\4407\hotspot\src\share\vm\runtime\sharedRuntime.cpp, line 605]
Event: 8.735 Thread 0x000000005dd3e000 Exception <a 'java/lang/NoSuchMethodError': java.lang.Object.lambda$toStream$0(Ljava/util/Optional;)Ljava/util/stream/Stream;> (0x00000000d89790d8) thrown at [C:\re\workspace\8-2-build-windows-amd64-cygwin\jdk8u60\4407\hotspot\src\share\vm\interpreter\link7Ç´³Õx!@
Event: 8.736 Thread 0x000000005dd3e000 Exception <a 'java/lang/NoSuchMethodError': java.lang.Object.of(Ljava/lang/Object;)Ljava/util/stream/Stream;> (0x00000000d8982320) thrown at [C:\re\workspace\8-2-build-windows-amd64-cygwin\jdk8u60\4407\hotspot\src\share\vm\interpreter\linkResolver.cpp, linï»ÝL3y!@
Event: 8.737 Thread 0x000000005dd3e000 Exception <a 'java/lang/NoSuchMethodError': java.lang.Object.empty()Ljava/util/stream/Stream;> (0x00000000d8985ef0) thrown at [C:\re\workspace\8-2-build-windows-amd64-cygwin\jdk8u60\4407\hotspot\src\share\vm\interpreter\linkResolver.cpp, line 582]

Events (10 events):
Event: 8.751 loading class io/netty/util/concurrent/DefaultPromise
Event: 8.751 loading class io/netty/util/concurrent/DefaultPromise done
Event: 8.751 loading class java/util/concurrent/CompletableFuture$BiRelay
Event: 8.752 loading class java/util/concurrent/CompletableFuture$BiCompletion
Event: 8.752 loading class java/util/concurrent/CompletableFuture$BiCompletion done
Event: 8.752 loading class java/util/concurrent/CompletableFuture$BiRelay done
Event: 8.752 Executing VM operation: RevokeBias
Event: 8.754 Executing VM operation: RevokeBias done
Event: 8.754 Executing VM operation: RevokeBias
Event: 8.754 Executing VM operation: RevokeBias done


Dynamic libraries:
0x000000013f570000 - 0x000000013f5a7000 	D:\Java\jdk1.8.0_60\bin\java.exe
0x0000000076f50000 - 0x00000000770ef000 	C:\Windows\SYSTEM32\ntdll.dll
0x0000000076e30000 - 0x0000000076f4f000 	C:\Windows\system32\kernel32.dll
0x000007fefcd80000 - 0x000007fefcdea000 	C:\Windows\system32\KERNELBASE.dll
0x000007fefd2d0000 - 0x000007fefd3ab000 	C:\Windows\system32\ADVAPI32.dll
0x000007fefd780000 - 0x000007fefd81f000 	C:\Windows\system32\msvcrt.dll
0x000007fefd760000 - 0x000007fefd77f000 	C:\Windows\SYSTEM32\sechost.dll
0x000007fefd9d0000 - 0x000007fefdafd000 	C:\Windows\system32\RPCRT4.dll
0x0000000076d30000 - 0x0000000076e2a000 	C:\Windows\system32\USER32.dll
0x000007fefd3c0000 - 0x000007fefd427000 	C:\Windows\system32\GDI32.dll
0x000007fefd3b0000 - 0x000007fefd3be000 	C:\Windows\system32\LPK.dll
0x000007fefdb00000 - 0x000007fefdbcb000 	C:\Windows\system32\USP10.dll
0x000007fefae60000 - 0x000007fefb054000 	C:\Windows\WinSxS\amd64_microsoft.windows.common-controls_6595b64144ccf1df_6.0.7601.18837_none_fa3b1e3d17594757\COMCTL32.dll
0x000007fefdcf0000 - 0x000007fefdd61000 	C:\Windows\system32\SHLWAPI.dll
0x000007fefeb00000 - 0x000007fefeb2e000 	C:\Windows\system32\IMM32.DLL
0x000007fefd1c0000 - 0x000007fefd2c9000 	C:\Windows\system32\MSCTF.dll
0x0000000078920000 - 0x00000000789f2000 	D:\Java\jdk1.8.0_60\jre\bin\msvcr100.dll
0x000000006f520000 - 0x000000006fda9000 	D:\Java\jdk1.8.0_60\jre\bin\server\jvm.dll
0x000007fef8880000 - 0x000007fef8889000 	C:\Windows\system32\WSOCK32.dll
0x000007fefeb30000 - 0x000007fefeb7d000 	C:\Windows\system32\WS2_32.dll
0x000007fefd820000 - 0x000007fefd828000 	C:\Windows\system32\NSI.dll
0x000007fefa220000 - 0x000007fefa25b000 	C:\Windows\system32\WINMM.dll
0x000007fefb5d0000 - 0x000007fefb5dc000 	C:\Windows\system32\VERSION.dll
0x0000000077100000 - 0x0000000077107000 	C:\Windows\system32\PSAPI.DLL
0x0000000065d90000 - 0x0000000065d9f000 	D:\Java\jdk1.8.0_60\jre\bin\verify.dll
0x000000005c010000 - 0x000000005c039000 	D:\Java\jdk1.8.0_60\jre\bin\java.dll
0x000000006d460000 - 0x000000006d483000 	D:\Java\jdk1.8.0_60\jre\bin\instrument.dll
0x0000000070e40000 - 0x0000000070e56000 	D:\Java\jdk1.8.0_60\jre\bin\zip.dll
0x000007fefdd70000 - 0x000007fefeafb000 	C:\Windows\system32\SHELL32.dll
0x000007feff040000 - 0x000007feff23d000 	C:\Windows\system32\ole32.dll
0x000007fefcc20000 - 0x000007fefcc2f000 	C:\Windows\system32\profapi.dll
0x000007fef5450000 - 0x000007fef546a000 	D:\IntelliJ IDEA\IntelliJ IDEA 2017.3.4\bin\breakgen64.dll
0x000000006ff20000 - 0x000000006ff3a000 	D:\Java\jdk1.8.0_60\jre\bin\net.dll
0x000007fefc380000 - 0x000007fefc3d5000 	C:\Windows\system32\mswsock.dll
0x000007fefc370000 - 0x000007fefc377000 	C:\Windows\System32\wship6.dll
0x0000000002070000 - 0x0000000002081000 	D:\Java\jdk1.8.0_60\jre\bin\nio.dll
0x000000006e510000 - 0x000000006e51d000 	D:\Java\jdk1.8.0_60\jre\bin\management.dll
0x000007fefa040000 - 0x000007fefa055000 	C:\Windows\system32\NLAapi.dll
0x000007fef77b0000 - 0x000007fef77c5000 	C:\Windows\system32\napinsp.dll
0x000007fef7790000 - 0x000007fef77a9000 	C:\Windows\system32\pnrpnsp.dll
0x000007fefc200000 - 0x000007fefc25b000 	C:\Windows\system32\DNSAPI.dll
0x000007fef7780000 - 0x000007fef778b000 	C:\Windows\System32\winrnr.dll
0x000000006ec60000 - 0x000000006ec86000 	C:\Program Files\Bonjour\mdnsNSP.dll
0x000007fef9cd0000 - 0x000007fef9cf7000 	C:\Windows\system32\Iphlpapi.DLL
0x000007fef9cc0000 - 0x000007fef9ccb000 	C:\Windows\system32\WINNSI.DLL
0x000007fefb6a0000 - 0x000007fefb6a7000 	C:\Windows\System32\wshtcpip.dll
0x000007fef6f10000 - 0x000007fef6f18000 	C:\Windows\system32\rasadhlp.dll
0x000007fef9b60000 - 0x000007fef9bb3000 	C:\Windows\System32\fwpuclnt.dll
0x000007fefc3e0000 - 0x000007fefc3f8000 	C:\Windows\system32\CRYPTSP.dll
0x000007fefc0e0000 - 0x000007fefc127000 	C:\Windows\system32\rsaenh.dll
0x000007fefcc90000 - 0x000007fefccae000 	C:\Windows\system32\USERENV.dll
0x000007fefca80000 - 0x000007fefca8f000 	C:\Windows\system32\CRYPTBASE.dll
0x000007fef9ac0000 - 0x000007fef9ad1000 	C:\Windows\system32\dhcpcsvc6.DLL
0x000007fef9aa0000 - 0x000007fef9ab8000 	C:\Windows\system32\dhcpcsvc.DLL

VM Arguments:
jvm_args: -ea -Didea.test.cyclic.buffer.size=1048576 -javaagent:D:\IntelliJ IDEA\IntelliJ IDEA 2017.3.4\lib\idea_rt.jar=64408:D:\IntelliJ IDEA\IntelliJ IDEA 2017.3.4\bin -Dfile.encoding=UTF-8 
java_command: com.intellij.rt.execution.junit.JUnitStarter -ideVersion5 -junit4 com.techrc.sso.SsoApplicationTests,contextLoads
java_class_path (initial): D:\IntelliJ IDEA\IntelliJ IDEA 2017.3.4\lib\idea_rt.jar;D:\IntelliJ IDEA\IntelliJ IDEA 2017.3.4\plugins\junit\lib\junit-rt.jar;D:\IntelliJ IDEA\IntelliJ IDEA 2017.3.4\plugins\junit\lib\junit5-rt.jar;D:\Java\jdk1.8.0_60\jre\lib\charsets.jar;D:\Java\jdk1.8.0_60\jre\lib\deploy.jar;D:\Java\jdk1.8.0_60\jre\lib\ext\access-bridge-64.jar;D:\Java\jdk1.8.0_60\jre\lib\ext\cldrdata.jar;D:\Java\jdk1.8.0_60\jre\lib\ext\dnsns.jar;D:\Java\jdk1.8.0_60\jre\lib\ext\jaccess.jar;D:\Java\jdk1.8.0_60\jre\lib\ext\jfxrt.jar;D:\Java\jdk1.8.0_60\jre\lib\ext\localedata.jar;D:\Java\jdk1.8.0_60\jre\lib\ext\nashorn.jar;D:\Java\jdk1.8.0_60\jre\lib\ext\sunec.jar;D:\Java\jdk1.8.0_60\jre\lib\ext\sunjce_provider.jar;D:\Java\jdk1.8.0_60\jre\lib\ext\sunmscapi.jar;D:\Java\jdk1.8.0_60\jre\lib\ext\sunpkcs11.jar;D:\Java\jdk1.8.0_60\jre\lib\ext\zipfs.jar;D:\Java\jdk1.8.0_60\jre\lib\javaws.jar;D:\Java\jdk1.8.0_60\jre\lib\jce.jar;D:\Java\jdk1.8.0_60\jre\lib\jfr.jar;D:\Java\jdk1.8.0_60\jre\lib\jfxswt.jar;D:\Java\jdk1.8.0_60\jre\lib\jsse.jar;D:\Java\jdk1.8.0_60\jre\lib\management-agent.jar;D:\Java\jdk1.8.0_60\jre\lib\plugin.jar;D:\Java\jdk1.8.0_60\jre\lib\resources.jar;D:\Java\jdk1.8.0_60\jre\lib\rt.jar;D:\springbootWorkPlace\sso\target\test-classes;D:\springbootWorkPlace\sso\target\classes;C:\Users\Administrator\.m2\repository\org\springframework\boot\spring-boot-starter-web\2.0.1.RELEASE\spring-boot-starter-web-2.0.1.RELEASE.jar;C:\Users\Administrator\.m2\repository\org\springframework\boot\spring-boot-starter\2.0.1.RELEASE\spring-boot-starter-2.0.1.RELEASE.jar;C:\Users\Administrator\.m2\repository\org\springframework\boot\spring-boot\2.0.1.RELEASE\spring-boot-2.0.1.RELEASE.jar;C:\Users\Administrator\.m2\repository\org\springframework\boot\spring-boot-autoconfigure\2.0.1.RELEASE\spring-boot-autoconfigure-2.0.1.RELEASE.jar;C:\Users\Administrator\.m2\repository\org\springframework\boot\spring-boot-starter-logging\2.0.1.RELEASE\spring-boot-starter-logging-2.0.1.RELEASE.jar;C:\Users\Ad
Launcher Type: SUN_STANDARD

Environment Variables:
JAVA_HOME=D:\Java\jdk1.8.0_60
CLASSPATH=.;D:\Java\jdk1.8.0_60\lib\dt.jar;D:\Java\jdk1.8.0_60\lib\tools.jar;
PATH=C:\Windows\system32;C:\Windows;C:\Windows\System32\Wbem;C:\Windows\System32\WindowsPowerShell\v1.0\;D:\Java\jdk1.8.0_60\bin;D:\Java\jdk1.8.0_60\jre\bin;D:\TortoiseSVN\bin;D:\mysql-5.6.24-win32\bin;D:\Python27;D:\sqlite3;D:\Python27\Scripts;C:\Python34;C:\Python34\Scripts;C:\xampp\php;C:\ProgramData\chocolatey\bin;C:\tools\python2; D:\androidsdk/tools;D:\androidsdk/platform-tools;D:\maven\apache-maven-3.5.0\bin;D:\mysql-5.6.36-winx64\bin;C:\Program Files\MySQL\MySQL Utilities 1.6\;D:\Program Files\VisualSVN Server\bin;C:\xampp\php
USERNAME=Administrator
OS=Windows_NT
PROCESSOR_IDENTIFIER=Intel64 Family 6 Model 60 Stepping 3, GenuineIntel



---------------  S Y S T E M  ---------------

OS: Windows 7 , 64 bit Build 7601 (6.1.7601.24094)

CPU:total 4 (4 cores per cpu, 1 threads per core) family 6 model 60 stepping 3, cmov, cx8, fxsr, mmx, sse, sse2, sse3, ssse3, sse4.1, sse4.2, popcnt, avx, avx2, aes, clmul, erms, rtm, lzcnt, tsc, tscinvbit, bmi1, bmi2

Memory: 4k page, physical 8269432k(1111644k free), swap 8267556k(6176k free)

vm_info: Java HotSpot(TM) 64-Bit Server VM (25.60-b23) for windows-amd64 JRE (1.8.0_60-b27), built on Aug  4 2015 11:06:27 by "java_re" with MS VC++ 10.0 (VS2010)

time: Fri Apr 20 14:36:40 2018
elapsed time: 8 seconds (0d 0h 0m 8s)

